<?xml version="1.0" encoding="UTF-8"?>
<!-- Generated by org.testng.reporters.JUnitReportReporter -->
<testsuite skipped="0" hostname="DESKTOP-DDSCK2F" name="com.revature.pom.Driver2" tests="5" failures="0" timestamp="16 Aug 2018 16:47:35 GMT" time="18.798" errors="0">
  <testcase name="verifyValidLogin" time="6.325" classname="com.revature.pom.Driver2"/>
  <testcase name="verifyBatchesPage" time="5.472" classname="com.revature.pom.Driver2"/>
  <testcase name="verifyLocationsPage" time="3.064" classname="com.revature.pom.Driver2"/>
  <testcase name="verifyCurriculaPage" time="0.635" classname="com.revature.pom.Driver2"/>
  <testcase name="logout" time="3.302" classname="com.revature.pom.Driver2"/>
</testsuite> <!-- com.revature.pom.Driver2 -->
