<?xml version="1.0" encoding="UTF-8"?>
<!-- Generated by org.testng.reporters.JUnitReportReporter -->
<testsuite skipped="0" hostname="DESKTOP-DDSCK2F" name="com.revature.pom.Driver2" tests="2" failures="0" timestamp="17 Aug 2018 20:12:23 GMT" time="12.933" errors="0">
  <testcase name="verifyValidLogin" time="6.635" classname="com.revature.pom.Driver2"/>
  <testcase name="verifyLocationsPage" time="6.298" classname="com.revature.pom.Driver2"/>
</testsuite> <!-- com.revature.pom.Driver2 -->
