<?xml version="1.0" encoding="UTF-8"?>
<!-- Generated by org.testng.reporters.JUnitReportReporter -->
<testsuite skipped="0" hostname="DESKTOP-DDSCK2F" name="com.revature.pom.Driver2" tests="2" failures="0" timestamp="16 Aug 2018 20:04:30 GMT" time="21.319" errors="0">
  <testcase name="verifyValidLogin" time="6.454" classname="com.revature.pom.Driver2"/>
  <testcase name="verifyBatchesPage" time="14.865" classname="com.revature.pom.Driver2"/>
</testsuite> <!-- com.revature.pom.Driver2 -->
